<?xml version='1.0' encoding='UTF-8' ?>
<testsuite name="com.example.krestikinoliki.ExampleInstrumentedTest" tests="1" failures="0" errors="0" skipped="0" time="0.149" timestamp="2022-05-11T07:04:05" hostname="localhost">
  <properties>
    <property name="device" value="Pixel_XL_API_28(AVD) - 9" />
    <property name="flavor" value="" />
    <property name="project" value="app" />
  </properties>
  <testcase name="useAppContext" classname="com.example.krestikinoliki.ExampleInstrumentedTest" time="0.011" />
</testsuite>